2016/04/11 17:53:50.557 Info   Starting JoyToKey Ver5.8.2
2016/04/11 17:53:50.557 Info   ExeFile=D:\Download\JoyToKey_en\JoyToKey_en\JoyToKey.exe
2016/04/11 17:53:50.557 Info   ConfigDir=D:\Download\JoyToKey_en\JoyToKey_en\
2016/04/11 17:53:50.557 Info   IniFile=D:\Download\JoyToKey_en\JoyToKey_en\JoyToKey.ini
2016/04/11 17:53:50.557 Info   Windows Version = 6.2
2016/04/11 17:53:50.559 Info   Loaded VistaAPI.dll (Utils\Utils.cpp#217)
2016/04/11 17:53:50.559 Info   LicenseKey "" is not valid
2016/04/11 17:53:51.128 Info   Loading XInput1_3.dll (Joystick.cpp#126)
2016/04/11 17:53:51.212 Info   Initialized XInput (Joystick.cpp#144)
2016/04/11 17:53:51.473 Info   Detected a XI joystick: XInput-0
2016/04/11 17:53:51.473 Info   Preferred index = -1
2016/04/11 17:53:51.473 Info   DetectJoysticks: Detected 1 XI joystick(s)
2016/04/11 17:53:55.323 Info   Detected a DI joystick: {12DD0690-4840-11E5-8003-444553540000}, Logitech Driving Force GT USB, Logitech Driving Force GT USB
2016/04/11 17:53:55.323 Info   Preferred index = -1
2016/04/11 17:53:55.641 Info   numAxis = 4
2016/04/11 17:53:55.641 Info   numPOVs = 1
2016/04/11 17:53:55.641 Info   numButtons = 21
2016/04/11 17:53:55.641 Info   EnumDeviceObject: Axis offset=4 type=1000002 name=Wheel axis
2016/04/11 17:53:55.641 Info   EnumDeviceObject: Axis offset=8 type=102 name=Combined pedals
2016/04/11 17:53:55.641 Info   EnumDeviceObject: Axis offset=12 type=502 name=Brake
2016/04/11 17:53:55.641 Info   EnumDeviceObject: Axis offset=16 type=202 name=Accelerator
2016/04/11 17:53:55.642 Info   Detected a DI joystick: {1BFE5AF0-D9D2-11E2-8005-444553540000}, Controller (Xbox 360 Wireless Receiver for Windows), Controller (Xbox 360 Wireless Receiver for Windows)
2016/04/11 17:53:55.642 Info   It is an XInput device, so skipping...
2016/04/11 17:53:55.642 Info   DetectJoysticks: Detected 1 DI joystick(s)
2016/04/11 17:53:55.652 Info   Joystick #1: XInput Device #1
2016/04/11 17:53:55.652 Info   Joystick #2: Logitech Driving Force GT USB
2016/04/11 17:53:55.652 Info   2 joysticks are detected (Joystick.cpp#166)
2016/04/11 17:53:55.652 Info   ConfigDir=D:\Download\JoyToKey_en\JoyToKey_en\*.cfg (ConfigFileManager.cpp#43)
2016/04/11 17:53:55.654 Info   Failed to find AppLink.dat (AppLink\AppLinkManager.cpp#32)
2016/04/11 17:53:55.702 Info   TimerInit: Initializing timer with x1 speed mode (interval = 16 msec)
2016/04/11 18:08:39.657 Info   Save config file "Profile 1" (ConfigFileManager.cpp#407)
2016/04/11 18:09:03.037 Info   Save config file "AC" (ConfigFileManager.cpp#407)
